********************************************************************************
DUPLICATOR-LITE PACKAGE-LOG: 26.07.2019 06:54
NOTICE: Do NOT post to public sites or forums 
********************************************************************************
VERSION:	1.3.18
WORDPRESS:	5.2.2
PHP INFO:	7.1.0 | SAPI: apache2handler
SERVER:		Apache 
PHP TIME LIMIT: (0) no time limit imposed 
PHP MAX MEMORY: 4294967296 (1536M default) 
MEMORY STACK: 2MB

********************************************************************************
DATABASE:
********************************************************************************
BUILD MODE:   PHP(query limit - 100)
MYSQLTIMEOUT: 5000
MYSQLDUMP:    Not Supported
TABLES: total:13 | filtered:0 | create:13
FILTERED: []
SQL CREATED: 20190725_bluerex_7cbcdd488f80ed954361_20190726065104_database.sql
SQL FILE SIZE: 315.63KB (323204)
SQL FILE TIME: 2019-07-26 06:54:35
SQL RUNTIME: 0.73 sec.

********************************************************************************
ARCHIVE (ZIP):
********************************************************************************
ARCHIVE DIR:  D:/OpenServer/domains/wpbootstrap4
ARCHIVE FILE: 20190725_bluerex_7cbcdd488f80ed954361_20190726065104_archive.zip
FILTERS: *OFF*
DIRS:
	not set
FILES:
	not set
EXTS:  not set
----------------------------------------
COMPRESSING
SIZE:	69.57MB
STATS:	Dirs 351 | Files 2,999
SQL ADDED: 20190725_bluerex_7cbcdd488f80ed954361_20190726065104_database.sql
ZipArchive Object
(
    [status] => 0
    [statusSys] => 0
    [numFiles] => 3350
    [filename] => D:\OpenServer\domains\wpbootstrap4\wp-snapshots\tmp\20190725_bluerex_7cbcdd488f80ed954361_20190726065104_archive.zip
    [comment] => 
)

FILE ADDED TO ZIP: 3349
[PHP ERR][NOTICE] MSG:ob_flush(): failed to flush buffer. No buffer to flush [CODE:8|FILE:D:\OpenServer\domains\wpbootstrap4\wp-content\plugins\duplicator\classes\utilities\class.u.php|LINE:172]
COMPRESSION RESULT: '1'
COMPRESSED SIZE: 24.98MB
ARCHIVE RUNTIME: 40.51 sec.
MEMORY STACK: 4MB
building installer
add_extra_files1
add_extra_files2
add_extra_files3
add_extra_files4
Doing archive file check
add_extra_files5
add_extra_files6
add_extra_files8
Successfully opened zip D:/OpenServer/domains/wpbootstrap4/wp-snapshots/tmp/20190725_bluerex_7cbcdd488f80ed954361_20190726065104_archive.zip
Adding enhanced installer files to archive using ZipArchive
Installer files added to archive
Added to archive
After ziparchive close when adding installer

********************************************************************************
INTEGRITY CHECKS:
********************************************************************************
SQL FILE: 315.63KB
INSTALLER FILE: 59.37KB
ARCHIVE FILE: 26.3MB 
EXPECTED FILE/DIRECTORY COUNT: 3,350
ACTUAL FILE/DIRECTORY COUNT: 3,349
ARCHIVE CONSISTENCY TEST: Pass

********************************************************************************
RECORD ID:[2]
TOTAL PROCESS RUNTIME: 41.98 sec.
PEAK PHP MEMORY USED: 4MB
DONE PROCESSING => 20190725_bluerex 26.07.2019 06:55

